<?xml version="1.0" encoding="UTF-8"?>
<testng-results skipped="0" failed="0" ignored="0" total="2" passed="2">
  <reporter-output>
  </reporter-output>
  <suite name="Suite" duration-ms="34736" started-at="2020-04-01T00:53:34Z" finished-at="2020-04-01T00:54:08Z">
    <groups>
    </groups>
    <test name="TestNG" duration-ms="34736" started-at="2020-04-01T00:53:34Z" finished-at="2020-04-01T00:54:08Z">
      <class name="Local_Project.Automation_Epic_Part_3.Test_Case_2">
        <test-method status="PASS" signature="test_1()[pri:0, instance:Local_Project.Automation_Epic_Part_3.Test_Case_2@c038203]" name="test_1" duration-ms="34718" started-at="2020-04-01T00:53:34Z" finished-at="2020-04-01T00:54:08Z">
          <reporter-output>
          </reporter-output>
        </test-method> <!-- test_1 -->
      </class> <!-- Local_Project.Automation_Epic_Part_3.Test_Case_2 -->
      <class name="Local_Project.Automation_Epic_Part_3.Test_case_1">
        <test-method status="PASS" signature="test_1()[pri:0, instance:Local_Project.Automation_Epic_Part_3.Test_case_1@29ee9faa]" name="test_1" duration-ms="31794" started-at="2020-04-01T00:53:34Z" finished-at="2020-04-01T00:54:05Z">
          <reporter-output>
          </reporter-output>
        </test-method> <!-- test_1 -->
      </class> <!-- Local_Project.Automation_Epic_Part_3.Test_case_1 -->
    </test> <!-- TestNG -->
  </suite> <!-- Suite -->
</testng-results>
